<?xml version="1.0" encoding="UTF-8"?>
<coverage generated="1592876455004" clover="3.2.0">
  <project timestamp="1592876455005" name="All files">
    <metrics statements="8" coveredstatements="4" conditionals="0" coveredconditionals="0" methods="7" coveredmethods="3" elements="15" coveredelements="7" complexity="0" loc="8" ncloc="8" packages="1" files="2" classes="2"/>
    <file name="app.jsx" path="/Users/georgeking/Documents/HRSF 128/reviews/client/components/app.jsx">
      <metrics statements="7" coveredstatements="4" conditionals="0" coveredconditionals="0" methods="6" coveredmethods="3"/>
      <line num="7" count="1" type="stmt"/>
      <line num="8" count="1" type="stmt"/>
      <line num="15" count="1" type="stmt"/>
      <line num="18" count="0" type="stmt"/>
      <line num="19" count="0" type="stmt"/>
      <line num="24" count="1" type="stmt"/>
      <line num="28" count="0" type="stmt"/>
    </file>
    <file name="review.jsx" path="/Users/georgeking/Documents/HRSF 128/reviews/client/components/review.jsx">
      <metrics statements="1" coveredstatements="0" conditionals="0" coveredconditionals="0" methods="1" coveredmethods="0"/>
      <line num="4" count="0" type="stmt"/>
    </file>
  </project>
</coverage>
