{"/Users/samsumsion/Documents/_hackReactor/SDC/reviews/client/components/app.jsx": {"path":"/Users/samsumsion/Documents/_hackReactor/SDC/reviews/client/components/app.jsx","statementMap":{"0":{"start":{"line":9,"column":4},"end":{"line":9,"column":17}},"1":{"start":{"line":10,"column":4},"end":{"line":46,"column":6}},"2":{"start":{"line":47,"column":4},"end":{"line":47,"column":53}},"3":{"start":{"line":48,"column":4},"end":{"line":48,"column":61}},"4":{"start":{"line":49,"column":4},"end":{"line":49,"column":71}},"5":{"start":{"line":50,"column":4},"end":{"line":50,"column":61}},"6":{"start":{"line":51,"column":4},"end":{"line":51,"column":53}},"7":{"start":{"line":52,"column":4},"end":{"line":52,"column":51}},"8":{"start":{"line":56,"column":4},"end":{"line":61,"column":7}},"9":{"start":{"line":59,"column":27},"end":{"line":59,"column":72}},"10":{"start":{"line":60,"column":19},"end":{"line":60,"column":67}},"11":{"start":{"line":65,"column":4},"end":{"line":67,"column":7}},"12":{"start":{"line":71,"column":25},"end":{"line":71,"column":38}},"13":{"start":{"line":73,"column":24},"end":{"line":83,"column":5}},"14":{"start":{"line":74,"column":6},"end":{"line":82,"column":10}},"15":{"start":{"line":74,"column":36},"end":{"line":82,"column":7}},"16":{"start":{"line":85,"column":18},"end":{"line":85,"column":42}},"17":{"start":{"line":86,"column":4},"end":{"line":92,"column":5}},"18":{"start":{"line":87,"column":6},"end":{"line":89,"column":7}},"19":{"start":{"line":87,"column":19},"end":{"line":87,"column":39}},"20":{"start":{"line":88,"column":8},"end":{"line":88,"column":23}},"21":{"start":{"line":91,"column":6},"end":{"line":91,"column":32}},"22":{"start":{"line":96,"column":28},"end":{"line":100,"column":5}},"23":{"start":{"line":101,"column":55},"end":{"line":101,"column":73}},"24":{"start":{"line":102,"column":4},"end":{"line":104,"column":5}},"25":{"start":{"line":103,"column":6},"end":{"line":103,"column":92}},"26":{"start":{"line":103,"column":37},"end":{"line":103,"column":92}},"27":{"start":{"line":105,"column":4},"end":{"line":107,"column":5}},"28":{"start":{"line":106,"column":6},"end":{"line":106,"column":88}},"29":{"start":{"line":106,"column":35},"end":{"line":106,"column":88}},"30":{"start":{"line":108,"column":4},"end":{"line":110,"column":5}},"31":{"start":{"line":109,"column":6},"end":{"line":109,"column":70}},"32":{"start":{"line":109,"column":30},"end":{"line":109,"column":70}},"33":{"start":{"line":111,"column":4},"end":{"line":111,"column":27}},"34":{"start":{"line":115,"column":23},"end":{"line":115,"column":43}},"35":{"start":{"line":116,"column":4},"end":{"line":125,"column":7}},"36":{"start":{"line":117,"column":6},"end":{"line":124,"column":9}},"37":{"start":{"line":119,"column":8},"end":{"line":119,"column":46}},"38":{"start":{"line":119,"column":34},"end":{"line":119,"column":46}},"39":{"start":{"line":120,"column":8},"end":{"line":122,"column":9}},"40":{"start":{"line":121,"column":10},"end":{"line":121,"column":77}},"41":{"start":{"line":121,"column":45},"end":{"line":121,"column":75}},"42":{"start":{"line":123,"column":8},"end":{"line":123,"column":50}},"43":{"start":{"line":129,"column":28},"end":{"line":129,"column":99}},"44":{"start":{"line":130,"column":4},"end":{"line":130,"column":141}},"45":{"start":{"line":130,"column":46},"end":{"line":130,"column":139}},"46":{"start":{"line":134,"column":17},"end":{"line":134,"column":31}},"47":{"start":{"line":135,"column":4},"end":{"line":142,"column":8}},"48":{"start":{"line":135,"column":34},"end":{"line":142,"column":5}},"49":{"start":{"line":146,"column":20},"end":{"line":146,"column":21}},"50":{"start":{"line":147,"column":19},"end":{"line":147,"column":20}},"51":{"start":{"line":148,"column":18},"end":{"line":148,"column":19}},"52":{"start":{"line":149,"column":15},"end":{"line":149,"column":16}},"53":{"start":{"line":150,"column":19},"end":{"line":150,"column":20}},"54":{"start":{"line":151,"column":21},"end":{"line":151,"column":39}},"55":{"start":{"line":153,"column":4},"end":{"line":159,"column":5}},"56":{"start":{"line":153,"column":17},"end":{"line":153,"column":18}},"57":{"start":{"line":154,"column":6},"end":{"line":154,"column":56}},"58":{"start":{"line":154,"column":44},"end":{"line":154,"column":56}},"59":{"start":{"line":155,"column":6},"end":{"line":155,"column":55}},"60":{"start":{"line":155,"column":44},"end":{"line":155,"column":55}},"61":{"start":{"line":156,"column":6},"end":{"line":156,"column":54}},"62":{"start":{"line":156,"column":44},"end":{"line":156,"column":54}},"63":{"start":{"line":157,"column":6},"end":{"line":157,"column":51}},"64":{"start":{"line":157,"column":44},"end":{"line":157,"column":51}},"65":{"start":{"line":158,"column":6},"end":{"line":158,"column":55}},"66":{"start":{"line":158,"column":44},"end":{"line":158,"column":55}},"67":{"start":{"line":161,"column":4},"end":{"line":314,"column":6}},"68":{"start":{"line":184,"column":120},"end":{"line":184,"column":158}},"69":{"start":{"line":192,"column":120},"end":{"line":192,"column":158}},"70":{"start":{"line":200,"column":120},"end":{"line":200,"column":158}},"71":{"start":{"line":208,"column":120},"end":{"line":208,"column":158}},"72":{"start":{"line":216,"column":120},"end":{"line":216,"column":158}},"73":{"start":{"line":230,"column":117},"end":{"line":230,"column":154}},"74":{"start":{"line":236,"column":119},"end":{"line":236,"column":156}},"75":{"start":{"line":242,"column":119},"end":{"line":242,"column":156}},"76":{"start":{"line":248,"column":121},"end":{"line":248,"column":158}},"77":{"start":{"line":261,"column":126},"end":{"line":261,"column":159}},"78":{"start":{"line":267,"column":124},"end":{"line":267,"column":157}},"79":{"start":{"line":273,"column":118},"end":{"line":273,"column":151}},"80":{"start":{"line":279,"column":126},"end":{"line":279,"column":159}},"81":{"start":{"line":285,"column":124},"end":{"line":285,"column":157}},"82":{"start":{"line":302,"column":142},"end":{"line":302,"column":162}},"83":{"start":{"line":309,"column":55},"end":{"line":309,"column":85}}},"fnMap":{"0":{"name":"(anonymous_0)","decl":{"start":{"line":8,"column":2},"end":{"line":8,"column":3}},"loc":{"start":{"line":8,"column":21},"end":{"line":53,"column":3}},"line":8},"1":{"name":"(anonymous_1)","decl":{"start":{"line":55,"column":2},"end":{"line":55,"column":3}},"loc":{"start":{"line":55,"column":22},"end":{"line":62,"column":3}},"line":55},"2":{"name":"(anonymous_2)","decl":{"start":{"line":59,"column":15},"end":{"line":59,"column":16}},"loc":{"start":{"line":59,"column":25},"end":{"line":59,"column":74}},"line":59},"3":{"name":"(anonymous_3)","decl":{"start":{"line":60,"column":13},"end":{"line":60,"column":14}},"loc":{"start":{"line":60,"column":19},"end":{"line":60,"column":67}},"line":60},"4":{"name":"(anonymous_4)","decl":{"start":{"line":64,"column":2},"end":{"line":64,"column":3}},"loc":{"start":{"line":64,"column":16},"end":{"line":68,"column":3}},"line":64},"5":{"name":"(anonymous_5)","decl":{"start":{"line":70,"column":2},"end":{"line":70,"column":3}},"loc":{"start":{"line":70,"column":34},"end":{"line":93,"column":3}},"line":70},"6":{"name":"(anonymous_6)","decl":{"start":{"line":73,"column":24},"end":{"line":73,"column":25}},"loc":{"start":{"line":73,"column":34},"end":{"line":83,"column":5}},"line":73},"7":{"name":"(anonymous_7)","decl":{"start":{"line":74,"column":20},"end":{"line":74,"column":21}},"loc":{"start":{"line":74,"column":36},"end":{"line":82,"column":7}},"line":74},"8":{"name":"(anonymous_8)","decl":{"start":{"line":95,"column":2},"end":{"line":95,"column":3}},"loc":{"start":{"line":95,"column":21},"end":{"line":112,"column":3}},"line":95},"9":{"name":"(anonymous_9)","decl":{"start":{"line":114,"column":2},"end":{"line":114,"column":3}},"loc":{"start":{"line":114,"column":42},"end":{"line":126,"column":3}},"line":114},"10":{"name":"(anonymous_10)","decl":{"start":{"line":116,"column":26},"end":{"line":116,"column":27}},"loc":{"start":{"line":116,"column":36},"end":{"line":125,"column":5}},"line":116},"11":{"name":"(anonymous_11)","decl":{"start":{"line":117,"column":30},"end":{"line":117,"column":31}},"loc":{"start":{"line":117,"column":39},"end":{"line":124,"column":7}},"line":117},"12":{"name":"(anonymous_12)","decl":{"start":{"line":121,"column":34},"end":{"line":121,"column":35}},"loc":{"start":{"line":121,"column":45},"end":{"line":121,"column":75}},"line":121},"13":{"name":"(anonymous_13)","decl":{"start":{"line":128,"column":2},"end":{"line":128,"column":3}},"loc":{"start":{"line":128,"column":21},"end":{"line":131,"column":3}},"line":128},"14":{"name":"(anonymous_14)","decl":{"start":{"line":130,"column":34},"end":{"line":130,"column":35}},"loc":{"start":{"line":130,"column":46},"end":{"line":130,"column":139}},"line":130},"15":{"name":"(anonymous_15)","decl":{"start":{"line":133,"column":2},"end":{"line":133,"column":3}},"loc":{"start":{"line":133,"column":18},"end":{"line":143,"column":3}},"line":133},"16":{"name":"(anonymous_16)","decl":{"start":{"line":135,"column":18},"end":{"line":135,"column":19}},"loc":{"start":{"line":135,"column":34},"end":{"line":142,"column":5}},"line":135},"17":{"name":"(anonymous_17)","decl":{"start":{"line":145,"column":2},"end":{"line":145,"column":3}},"loc":{"start":{"line":145,"column":11},"end":{"line":315,"column":3}},"line":145},"18":{"name":"(anonymous_18)","decl":{"start":{"line":184,"column":113},"end":{"line":184,"column":114}},"loc":{"start":{"line":184,"column":120},"end":{"line":184,"column":158}},"line":184},"19":{"name":"(anonymous_19)","decl":{"start":{"line":192,"column":113},"end":{"line":192,"column":114}},"loc":{"start":{"line":192,"column":120},"end":{"line":192,"column":158}},"line":192},"20":{"name":"(anonymous_20)","decl":{"start":{"line":200,"column":113},"end":{"line":200,"column":114}},"loc":{"start":{"line":200,"column":120},"end":{"line":200,"column":158}},"line":200},"21":{"name":"(anonymous_21)","decl":{"start":{"line":208,"column":113},"end":{"line":208,"column":114}},"loc":{"start":{"line":208,"column":120},"end":{"line":208,"column":158}},"line":208},"22":{"name":"(anonymous_22)","decl":{"start":{"line":216,"column":113},"end":{"line":216,"column":114}},"loc":{"start":{"line":216,"column":120},"end":{"line":216,"column":158}},"line":216},"23":{"name":"(anonymous_23)","decl":{"start":{"line":230,"column":110},"end":{"line":230,"column":111}},"loc":{"start":{"line":230,"column":117},"end":{"line":230,"column":154}},"line":230},"24":{"name":"(anonymous_24)","decl":{"start":{"line":236,"column":112},"end":{"line":236,"column":113}},"loc":{"start":{"line":236,"column":119},"end":{"line":236,"column":156}},"line":236},"25":{"name":"(anonymous_25)","decl":{"start":{"line":242,"column":112},"end":{"line":242,"column":113}},"loc":{"start":{"line":242,"column":119},"end":{"line":242,"column":156}},"line":242},"26":{"name":"(anonymous_26)","decl":{"start":{"line":248,"column":114},"end":{"line":248,"column":115}},"loc":{"start":{"line":248,"column":121},"end":{"line":248,"column":158}},"line":248},"27":{"name":"(anonymous_27)","decl":{"start":{"line":261,"column":119},"end":{"line":261,"column":120}},"loc":{"start":{"line":261,"column":126},"end":{"line":261,"column":159}},"line":261},"28":{"name":"(anonymous_28)","decl":{"start":{"line":267,"column":117},"end":{"line":267,"column":118}},"loc":{"start":{"line":267,"column":124},"end":{"line":267,"column":157}},"line":267},"29":{"name":"(anonymous_29)","decl":{"start":{"line":273,"column":111},"end":{"line":273,"column":112}},"loc":{"start":{"line":273,"column":118},"end":{"line":273,"column":151}},"line":273},"30":{"name":"(anonymous_30)","decl":{"start":{"line":279,"column":119},"end":{"line":279,"column":120}},"loc":{"start":{"line":279,"column":126},"end":{"line":279,"column":159}},"line":279},"31":{"name":"(anonymous_31)","decl":{"start":{"line":285,"column":117},"end":{"line":285,"column":118}},"loc":{"start":{"line":285,"column":124},"end":{"line":285,"column":157}},"line":285},"32":{"name":"(anonymous_32)","decl":{"start":{"line":302,"column":135},"end":{"line":302,"column":136}},"loc":{"start":{"line":302,"column":142},"end":{"line":302,"column":162}},"line":302},"33":{"name":"(anonymous_33)","decl":{"start":{"line":309,"column":43},"end":{"line":309,"column":44}},"loc":{"start":{"line":309,"column":55},"end":{"line":309,"column":85}},"line":309}},"branchMap":{"0":{"loc":{"start":{"line":86,"column":4},"end":{"line":92,"column":5}},"type":"if","locations":[{"start":{"line":86,"column":4},"end":{"line":92,"column":5}},{"start":{"line":86,"column":4},"end":{"line":92,"column":5}}],"line":86},"1":{"loc":{"start":{"line":103,"column":6},"end":{"line":103,"column":92}},"type":"if","locations":[{"start":{"line":103,"column":6},"end":{"line":103,"column":92}},{"start":{"line":103,"column":6},"end":{"line":103,"column":92}}],"line":103},"2":{"loc":{"start":{"line":106,"column":6},"end":{"line":106,"column":88}},"type":"if","locations":[{"start":{"line":106,"column":6},"end":{"line":106,"column":88}},{"start":{"line":106,"column":6},"end":{"line":106,"column":88}}],"line":106},"3":{"loc":{"start":{"line":109,"column":6},"end":{"line":109,"column":70}},"type":"if","locations":[{"start":{"line":109,"column":6},"end":{"line":109,"column":70}},{"start":{"line":109,"column":6},"end":{"line":109,"column":70}}],"line":109},"4":{"loc":{"start":{"line":119,"column":8},"end":{"line":119,"column":46}},"type":"if","locations":[{"start":{"line":119,"column":8},"end":{"line":119,"column":46}},{"start":{"line":119,"column":8},"end":{"line":119,"column":46}}],"line":119},"5":{"loc":{"start":{"line":120,"column":8},"end":{"line":122,"column":9}},"type":"if","locations":[{"start":{"line":120,"column":8},"end":{"line":122,"column":9}},{"start":{"line":120,"column":8},"end":{"line":122,"column":9}}],"line":120},"6":{"loc":{"start":{"line":154,"column":6},"end":{"line":154,"column":56}},"type":"if","locations":[{"start":{"line":154,"column":6},"end":{"line":154,"column":56}},{"start":{"line":154,"column":6},"end":{"line":154,"column":56}}],"line":154},"7":{"loc":{"start":{"line":155,"column":6},"end":{"line":155,"column":55}},"type":"if","locations":[{"start":{"line":155,"column":6},"end":{"line":155,"column":55}},{"start":{"line":155,"column":6},"end":{"line":155,"column":55}}],"line":155},"8":{"loc":{"start":{"line":156,"column":6},"end":{"line":156,"column":54}},"type":"if","locations":[{"start":{"line":156,"column":6},"end":{"line":156,"column":54}},{"start":{"line":156,"column":6},"end":{"line":156,"column":54}}],"line":156},"9":{"loc":{"start":{"line":157,"column":6},"end":{"line":157,"column":51}},"type":"if","locations":[{"start":{"line":157,"column":6},"end":{"line":157,"column":51}},{"start":{"line":157,"column":6},"end":{"line":157,"column":51}}],"line":157},"10":{"loc":{"start":{"line":158,"column":6},"end":{"line":158,"column":55}},"type":"if","locations":[{"start":{"line":158,"column":6},"end":{"line":158,"column":55}},{"start":{"line":158,"column":6},"end":{"line":158,"column":55}}],"line":158},"11":{"loc":{"start":{"line":172,"column":17},"end":{"line":172,"column":128}},"type":"cond-expr","locations":[{"start":{"line":172,"column":42},"end":{"line":172,"column":121}},{"start":{"line":172,"column":124},"end":{"line":172,"column":128}}],"line":172}},"s":{"0":18,"1":18,"2":18,"3":18,"4":18,"5":18,"6":18,"7":18,"8":19,"9":0,"10":0,"11":0,"12":14,"13":14,"14":22,"15":22,"16":14,"17":14,"18":4,"19":4,"20":12,"21":10,"22":41,"23":41,"24":41,"25":205,"26":5,"27":41,"28":492,"29":24,"30":41,"31":205,"32":5,"33":41,"34":41,"35":41,"36":0,"37":0,"38":0,"39":0,"40":0,"41":0,"42":0,"43":41,"44":41,"45":0,"46":1,"47":1,"48":1,"49":41,"50":41,"51":41,"52":41,"53":41,"54":41,"55":41,"56":41,"57":0,"58":0,"59":0,"60":0,"61":0,"62":0,"63":0,"64":0,"65":0,"66":0,"67":41,"68":1,"69":1,"70":1,"71":1,"72":1,"73":1,"74":1,"75":1,"76":1,"77":1,"78":1,"79":1,"80":1,"81":1,"82":1,"83":0},"f":{"0":18,"1":19,"2":0,"3":0,"4":0,"5":14,"6":22,"7":22,"8":41,"9":41,"10":0,"11":0,"12":0,"13":41,"14":0,"15":1,"16":1,"17":41,"18":1,"19":1,"20":1,"21":1,"22":1,"23":1,"24":1,"25":1,"26":1,"27":1,"28":1,"29":1,"30":1,"31":1,"32":1,"33":0},"b":{"0":[4,10],"1":[5,200],"2":[24,468],"3":[5,200],"4":[0,0],"5":[0,0],"6":[0,0],"7":[0,0],"8":[0,0],"9":[0,0],"10":[0,0],"11":[0,41]},"_coverageSchema":"1a1c01bbd47fc00a2c39e90264f33305004495a9","hash":"5d8b3be571209c9469b68c317ca4097c6d245b30"}
,"/Users/samsumsion/Documents/_hackReactor/SDC/reviews/client/components/appWrapper.jsx": {"path":"/Users/samsumsion/Documents/_hackReactor/SDC/reviews/client/components/appWrapper.jsx","statementMap":{"0":{"start":{"line":3,"column":19},"end":{"line":295,"column":1}},"1":{"start":{"line":213,"column":22},"end":{"line":213,"column":57}},"2":{"start":{"line":219,"column":22},"end":{"line":219,"column":56}},"3":{"start":{"line":225,"column":22},"end":{"line":225,"column":55}},"4":{"start":{"line":231,"column":22},"end":{"line":231,"column":52}},"5":{"start":{"line":237,"column":22},"end":{"line":237,"column":56}}},"fnMap":{"0":{"name":"(anonymous_0)","decl":{"start":{"line":213,"column":13},"end":{"line":213,"column":14}},"loc":{"start":{"line":213,"column":22},"end":{"line":213,"column":57}},"line":213},"1":{"name":"(anonymous_1)","decl":{"start":{"line":219,"column":13},"end":{"line":219,"column":14}},"loc":{"start":{"line":219,"column":22},"end":{"line":219,"column":56}},"line":219},"2":{"name":"(anonymous_2)","decl":{"start":{"line":225,"column":13},"end":{"line":225,"column":14}},"loc":{"start":{"line":225,"column":22},"end":{"line":225,"column":55}},"line":225},"3":{"name":"(anonymous_3)","decl":{"start":{"line":231,"column":13},"end":{"line":231,"column":14}},"loc":{"start":{"line":231,"column":22},"end":{"line":231,"column":52}},"line":231},"4":{"name":"(anonymous_4)","decl":{"start":{"line":237,"column":13},"end":{"line":237,"column":14}},"loc":{"start":{"line":237,"column":22},"end":{"line":237,"column":56}},"line":237}},"branchMap":{},"s":{"0":1,"1":0,"2":0,"3":0,"4":0,"5":0},"f":{"0":0,"1":0,"2":0,"3":0,"4":0},"b":{},"_coverageSchema":"1a1c01bbd47fc00a2c39e90264f33305004495a9","hash":"7e78419f46504b4f09a6e719d875e98e4d9861e8"}
,"/Users/samsumsion/Documents/_hackReactor/SDC/reviews/client/components/modal.jsx": {"path":"/Users/samsumsion/Documents/_hackReactor/SDC/reviews/client/components/modal.jsx","statementMap":{"0":{"start":{"line":5,"column":18},"end":{"line":5,"column":55}},"1":{"start":{"line":9,"column":4},"end":{"line":9,"column":17}},"2":{"start":{"line":10,"column":4},"end":{"line":12,"column":6}},"3":{"start":{"line":13,"column":4},"end":{"line":13,"column":40}},"4":{"start":{"line":14,"column":4},"end":{"line":14,"column":55}},"5":{"start":{"line":15,"column":4},"end":{"line":15,"column":53}},"6":{"start":{"line":16,"column":4},"end":{"line":16,"column":51}},"7":{"start":{"line":20,"column":4},"end":{"line":20,"column":65}},"8":{"start":{"line":21,"column":4},"end":{"line":21,"column":59}},"9":{"start":{"line":21,"column":21},"end":{"line":21,"column":54}},"10":{"start":{"line":25,"column":4},"end":{"line":27,"column":5}},"11":{"start":{"line":26,"column":6},"end":{"line":26,"column":41}},"12":{"start":{"line":31,"column":4},"end":{"line":31,"column":68}},"13":{"start":{"line":35,"column":4},"end":{"line":35,"column":35}},"14":{"start":{"line":35,"column":28},"end":{"line":35,"column":35}},"15":{"start":{"line":36,"column":4},"end":{"line":36,"column":39}},"16":{"start":{"line":40,"column":4},"end":{"line":40,"column":77}},"17":{"start":{"line":40,"column":70},"end":{"line":40,"column":77}},"18":{"start":{"line":41,"column":4},"end":{"line":43,"column":5}},"19":{"start":{"line":42,"column":6},"end":{"line":42,"column":27}},"20":{"start":{"line":47,"column":4},"end":{"line":47,"column":23}},"21":{"start":{"line":48,"column":4},"end":{"line":48,"column":39}},"22":{"start":{"line":52,"column":4},"end":{"line":125,"column":6}}},"fnMap":{"0":{"name":"(anonymous_0)","decl":{"start":{"line":8,"column":2},"end":{"line":8,"column":3}},"loc":{"start":{"line":8,"column":21},"end":{"line":17,"column":3}},"line":8},"1":{"name":"(anonymous_1)","decl":{"start":{"line":19,"column":2},"end":{"line":19,"column":3}},"loc":{"start":{"line":19,"column":22},"end":{"line":22,"column":3}},"line":19},"2":{"name":"(anonymous_2)","decl":{"start":{"line":21,"column":15},"end":{"line":21,"column":16}},"loc":{"start":{"line":21,"column":21},"end":{"line":21,"column":54}},"line":21},"3":{"name":"(anonymous_3)","decl":{"start":{"line":24,"column":2},"end":{"line":24,"column":3}},"loc":{"start":{"line":24,"column":43},"end":{"line":28,"column":3}},"line":24},"4":{"name":"(anonymous_4)","decl":{"start":{"line":30,"column":2},"end":{"line":30,"column":3}},"loc":{"start":{"line":30,"column":25},"end":{"line":32,"column":3}},"line":30},"5":{"name":"(anonymous_5)","decl":{"start":{"line":34,"column":2},"end":{"line":34,"column":3}},"loc":{"start":{"line":34,"column":18},"end":{"line":37,"column":3}},"line":34},"6":{"name":"(anonymous_6)","decl":{"start":{"line":39,"column":2},"end":{"line":39,"column":3}},"loc":{"start":{"line":39,"column":19},"end":{"line":44,"column":3}},"line":39},"7":{"name":"(anonymous_7)","decl":{"start":{"line":46,"column":2},"end":{"line":46,"column":3}},"loc":{"start":{"line":46,"column":17},"end":{"line":49,"column":3}},"line":46},"8":{"name":"(anonymous_8)","decl":{"start":{"line":51,"column":2},"end":{"line":51,"column":3}},"loc":{"start":{"line":51,"column":11},"end":{"line":126,"column":3}},"line":51}},"branchMap":{"0":{"loc":{"start":{"line":25,"column":4},"end":{"line":27,"column":5}},"type":"if","locations":[{"start":{"line":25,"column":4},"end":{"line":27,"column":5}},{"start":{"line":25,"column":4},"end":{"line":27,"column":5}}],"line":25},"1":{"loc":{"start":{"line":25,"column":8},"end":{"line":25,"column":46}},"type":"binary-expr","locations":[{"start":{"line":25,"column":8},"end":{"line":25,"column":26}},{"start":{"line":25,"column":30},"end":{"line":25,"column":46}}],"line":25},"2":{"loc":{"start":{"line":35,"column":4},"end":{"line":35,"column":35}},"type":"if","locations":[{"start":{"line":35,"column":4},"end":{"line":35,"column":35}},{"start":{"line":35,"column":4},"end":{"line":35,"column":35}}],"line":35},"3":{"loc":{"start":{"line":40,"column":4},"end":{"line":40,"column":77}},"type":"if","locations":[{"start":{"line":40,"column":4},"end":{"line":40,"column":77}},{"start":{"line":40,"column":4},"end":{"line":40,"column":77}}],"line":40},"4":{"loc":{"start":{"line":40,"column":8},"end":{"line":40,"column":68}},"type":"binary-expr","locations":[{"start":{"line":40,"column":8},"end":{"line":40,"column":36}},{"start":{"line":40,"column":40},"end":{"line":40,"column":68}}],"line":40},"5":{"loc":{"start":{"line":41,"column":4},"end":{"line":43,"column":5}},"type":"if","locations":[{"start":{"line":41,"column":4},"end":{"line":43,"column":5}},{"start":{"line":41,"column":4},"end":{"line":43,"column":5}}],"line":41}},"s":{"0":2,"1":4,"2":4,"3":4,"4":4,"5":4,"6":4,"7":4,"8":4,"9":0,"10":1,"11":0,"12":0,"13":0,"14":0,"15":0,"16":0,"17":0,"18":0,"19":0,"20":1,"21":1,"22":5},"f":{"0":4,"1":4,"2":0,"3":1,"4":0,"5":0,"6":0,"7":1,"8":5},"b":{"0":[0,1],"1":[1,0],"2":[0,0],"3":[0,0],"4":[0,0],"5":[0,0]},"_coverageSchema":"1a1c01bbd47fc00a2c39e90264f33305004495a9","hash":"e03cbb44a4ae69c6a9825377fdd5cff25173d28d"}
,"/Users/samsumsion/Documents/_hackReactor/SDC/reviews/client/components/modalWrapper.jsx": {"path":"/Users/samsumsion/Documents/_hackReactor/SDC/reviews/client/components/modalWrapper.jsx","statementMap":{"0":{"start":{"line":3,"column":21},"end":{"line":112,"column":1}},"1":{"start":{"line":17,"column":4},"end":{"line":22,"column":5}},"2":{"start":{"line":19,"column":8},"end":{"line":19,"column":21}},"3":{"start":{"line":21,"column":8},"end":{"line":21,"column":21}}},"fnMap":{"0":{"name":"(anonymous_0)","decl":{"start":{"line":16,"column":11},"end":{"line":16,"column":12}},"loc":{"start":{"line":16,"column":20},"end":{"line":23,"column":3}},"line":16}},"branchMap":{"0":{"loc":{"start":{"line":17,"column":4},"end":{"line":22,"column":5}},"type":"switch","locations":[{"start":{"line":18,"column":6},"end":{"line":19,"column":21}},{"start":{"line":20,"column":6},"end":{"line":21,"column":21}}],"line":17}},"s":{"0":2,"1":0,"2":0,"3":0},"f":{"0":0},"b":{"0":[0,0]},"_coverageSchema":"1a1c01bbd47fc00a2c39e90264f33305004495a9","hash":"18038634a000e3e7f67be6b0da75420ceda9c5e0"}
,"/Users/samsumsion/Documents/_hackReactor/SDC/reviews/client/components/review.jsx": {"path":"/Users/samsumsion/Documents/_hackReactor/SDC/reviews/client/components/review.jsx","statementMap":{"0":{"start":{"line":6,"column":2},"end":{"line":28,"column":4}}},"fnMap":{"0":{"name":"Review","decl":{"start":{"line":5,"column":9},"end":{"line":5,"column":15}},"loc":{"start":{"line":5,"column":23},"end":{"line":29,"column":1}},"line":5}},"branchMap":{},"s":{"0":1},"f":{"0":1},"b":{},"_coverageSchema":"1a1c01bbd47fc00a2c39e90264f33305004495a9","hash":"877d401477955c9f02c3b06d9d7fbdf835358300"}
,"/Users/samsumsion/Documents/_hackReactor/SDC/reviews/client/components/reviewWrapper.jsx": {"path":"/Users/samsumsion/Documents/_hackReactor/SDC/reviews/client/components/reviewWrapper.jsx","statementMap":{"0":{"start":{"line":3,"column":22},"end":{"line":25,"column":1}},"1":{"start":{"line":19,"column":75},"end":{"line":19,"column":87}},"2":{"start":{"line":19,"column":120},"end":{"line":19,"column":132}}},"fnMap":{"0":{"name":"(anonymous_0)","decl":{"start":{"line":19,"column":66},"end":{"line":19,"column":67}},"loc":{"start":{"line":19,"column":75},"end":{"line":19,"column":87}},"line":19},"1":{"name":"(anonymous_1)","decl":{"start":{"line":19,"column":111},"end":{"line":19,"column":112}},"loc":{"start":{"line":19,"column":120},"end":{"line":19,"column":132}},"line":19}},"branchMap":{},"s":{"0":2,"1":0,"2":0},"f":{"0":0,"1":0},"b":{},"_coverageSchema":"1a1c01bbd47fc00a2c39e90264f33305004495a9","hash":"a572d138c206d24de6156384267e616ada47a7ac"}
}
