{"/Users/georgeking/Documents/HRSF 128/reviews/client/components/app.jsx": {"path":"/Users/georgeking/Documents/HRSF 128/reviews/client/components/app.jsx","statementMap":{"0":{"start":{"line":8,"column":4},"end":{"line":8,"column":17}},"1":{"start":{"line":9,"column":4},"end":{"line":45,"column":6}},"2":{"start":{"line":46,"column":4},"end":{"line":46,"column":53}},"3":{"start":{"line":47,"column":4},"end":{"line":47,"column":61}},"4":{"start":{"line":48,"column":4},"end":{"line":48,"column":71}},"5":{"start":{"line":49,"column":4},"end":{"line":49,"column":61}},"6":{"start":{"line":50,"column":4},"end":{"line":50,"column":53}},"7":{"start":{"line":51,"column":4},"end":{"line":51,"column":51}},"8":{"start":{"line":55,"column":4},"end":{"line":57,"column":7}},"9":{"start":{"line":61,"column":17},"end":{"line":61,"column":30}},"10":{"start":{"line":62,"column":4},"end":{"line":70,"column":8}},"11":{"start":{"line":62,"column":32},"end":{"line":70,"column":5}},"12":{"start":{"line":74,"column":26},"end":{"line":78,"column":5}},"13":{"start":{"line":79,"column":53},"end":{"line":79,"column":71}},"14":{"start":{"line":80,"column":4},"end":{"line":82,"column":5}},"15":{"start":{"line":81,"column":6},"end":{"line":81,"column":92}},"16":{"start":{"line":81,"column":37},"end":{"line":81,"column":92}},"17":{"start":{"line":83,"column":4},"end":{"line":85,"column":5}},"18":{"start":{"line":84,"column":6},"end":{"line":84,"column":88}},"19":{"start":{"line":84,"column":35},"end":{"line":84,"column":88}},"20":{"start":{"line":86,"column":4},"end":{"line":88,"column":5}},"21":{"start":{"line":87,"column":6},"end":{"line":87,"column":70}},"22":{"start":{"line":87,"column":30},"end":{"line":87,"column":70}},"23":{"start":{"line":89,"column":4},"end":{"line":89,"column":27}},"24":{"start":{"line":93,"column":21},"end":{"line":93,"column":41}},"25":{"start":{"line":94,"column":4},"end":{"line":103,"column":7}},"26":{"start":{"line":95,"column":6},"end":{"line":102,"column":9}},"27":{"start":{"line":97,"column":8},"end":{"line":97,"column":46}},"28":{"start":{"line":97,"column":34},"end":{"line":97,"column":46}},"29":{"start":{"line":98,"column":8},"end":{"line":100,"column":9}},"30":{"start":{"line":99,"column":10},"end":{"line":99,"column":77}},"31":{"start":{"line":99,"column":45},"end":{"line":99,"column":75}},"32":{"start":{"line":101,"column":8},"end":{"line":101,"column":50}},"33":{"start":{"line":107,"column":26},"end":{"line":107,"column":97}},"34":{"start":{"line":108,"column":4},"end":{"line":110,"column":7}},"35":{"start":{"line":109,"column":6},"end":{"line":109,"column":107}},"36":{"start":{"line":114,"column":4},"end":{"line":119,"column":7}},"37":{"start":{"line":117,"column":27},"end":{"line":117,"column":69}},"38":{"start":{"line":118,"column":19},"end":{"line":118,"column":67}},"39":{"start":{"line":123,"column":17},"end":{"line":123,"column":31}},"40":{"start":{"line":124,"column":4},"end":{"line":131,"column":8}},"41":{"start":{"line":124,"column":32},"end":{"line":131,"column":5}},"42":{"start":{"line":135,"column":4},"end":{"line":321,"column":6}},"43":{"start":{"line":161,"column":114},"end":{"line":161,"column":152}},"44":{"start":{"line":167,"column":114},"end":{"line":167,"column":152}},"45":{"start":{"line":173,"column":114},"end":{"line":173,"column":152}},"46":{"start":{"line":179,"column":114},"end":{"line":179,"column":152}},"47":{"start":{"line":185,"column":114},"end":{"line":185,"column":152}},"48":{"start":{"line":197,"column":113},"end":{"line":197,"column":150}},"49":{"start":{"line":203,"column":113},"end":{"line":203,"column":150}},"50":{"start":{"line":209,"column":113},"end":{"line":209,"column":150}},"51":{"start":{"line":215,"column":113},"end":{"line":215,"column":150}},"52":{"start":{"line":221,"column":113},"end":{"line":221,"column":150}},"53":{"start":{"line":227,"column":113},"end":{"line":227,"column":150}},"54":{"start":{"line":233,"column":113},"end":{"line":233,"column":150}},"55":{"start":{"line":239,"column":113},"end":{"line":239,"column":150}},"56":{"start":{"line":245,"column":113},"end":{"line":245,"column":150}},"57":{"start":{"line":251,"column":115},"end":{"line":251,"column":152}},"58":{"start":{"line":257,"column":115},"end":{"line":257,"column":152}},"59":{"start":{"line":263,"column":115},"end":{"line":263,"column":152}},"60":{"start":{"line":275,"column":120},"end":{"line":275,"column":153}},"61":{"start":{"line":281,"column":118},"end":{"line":281,"column":151}},"62":{"start":{"line":287,"column":112},"end":{"line":287,"column":145}},"63":{"start":{"line":293,"column":120},"end":{"line":293,"column":153}},"64":{"start":{"line":299,"column":118},"end":{"line":299,"column":151}},"65":{"start":{"line":311,"column":138},"end":{"line":311,"column":158}},"66":{"start":{"line":317,"column":12},"end":{"line":317,"column":49}}},"fnMap":{"0":{"name":"(anonymous_0)","decl":{"start":{"line":7,"column":2},"end":{"line":7,"column":3}},"loc":{"start":{"line":7,"column":21},"end":{"line":52,"column":3}},"line":7},"1":{"name":"(anonymous_1)","decl":{"start":{"line":54,"column":2},"end":{"line":54,"column":3}},"loc":{"start":{"line":54,"column":16},"end":{"line":58,"column":3}},"line":54},"2":{"name":"(anonymous_2)","decl":{"start":{"line":60,"column":2},"end":{"line":60,"column":3}},"loc":{"start":{"line":60,"column":34},"end":{"line":71,"column":3}},"line":60},"3":{"name":"(anonymous_3)","decl":{"start":{"line":62,"column":18},"end":{"line":62,"column":19}},"loc":{"start":{"line":62,"column":32},"end":{"line":70,"column":5}},"line":62},"4":{"name":"(anonymous_4)","decl":{"start":{"line":73,"column":2},"end":{"line":73,"column":3}},"loc":{"start":{"line":73,"column":21},"end":{"line":90,"column":3}},"line":73},"5":{"name":"(anonymous_5)","decl":{"start":{"line":92,"column":2},"end":{"line":92,"column":3}},"loc":{"start":{"line":92,"column":42},"end":{"line":104,"column":3}},"line":92},"6":{"name":"(anonymous_6)","decl":{"start":{"line":94,"column":26},"end":{"line":94,"column":27}},"loc":{"start":{"line":94,"column":36},"end":{"line":103,"column":5}},"line":94},"7":{"name":"(anonymous_7)","decl":{"start":{"line":95,"column":30},"end":{"line":95,"column":31}},"loc":{"start":{"line":95,"column":37},"end":{"line":102,"column":7}},"line":95},"8":{"name":"(anonymous_8)","decl":{"start":{"line":99,"column":34},"end":{"line":99,"column":35}},"loc":{"start":{"line":99,"column":45},"end":{"line":99,"column":75}},"line":99},"9":{"name":"(anonymous_9)","decl":{"start":{"line":106,"column":2},"end":{"line":106,"column":3}},"loc":{"start":{"line":106,"column":21},"end":{"line":111,"column":3}},"line":106},"10":{"name":"(anonymous_10)","decl":{"start":{"line":108,"column":34},"end":{"line":108,"column":35}},"loc":{"start":{"line":108,"column":44},"end":{"line":110,"column":5}},"line":108},"11":{"name":"(anonymous_11)","decl":{"start":{"line":113,"column":2},"end":{"line":113,"column":3}},"loc":{"start":{"line":113,"column":22},"end":{"line":120,"column":3}},"line":113},"12":{"name":"(anonymous_12)","decl":{"start":{"line":117,"column":15},"end":{"line":117,"column":16}},"loc":{"start":{"line":117,"column":25},"end":{"line":117,"column":71}},"line":117},"13":{"name":"(anonymous_13)","decl":{"start":{"line":118,"column":13},"end":{"line":118,"column":14}},"loc":{"start":{"line":118,"column":19},"end":{"line":118,"column":67}},"line":118},"14":{"name":"(anonymous_14)","decl":{"start":{"line":122,"column":2},"end":{"line":122,"column":3}},"loc":{"start":{"line":122,"column":18},"end":{"line":132,"column":3}},"line":122},"15":{"name":"(anonymous_15)","decl":{"start":{"line":124,"column":18},"end":{"line":124,"column":19}},"loc":{"start":{"line":124,"column":32},"end":{"line":131,"column":5}},"line":124},"16":{"name":"(anonymous_16)","decl":{"start":{"line":134,"column":2},"end":{"line":134,"column":3}},"loc":{"start":{"line":134,"column":11},"end":{"line":322,"column":3}},"line":134},"17":{"name":"(anonymous_17)","decl":{"start":{"line":161,"column":109},"end":{"line":161,"column":110}},"loc":{"start":{"line":161,"column":114},"end":{"line":161,"column":152}},"line":161},"18":{"name":"(anonymous_18)","decl":{"start":{"line":167,"column":109},"end":{"line":167,"column":110}},"loc":{"start":{"line":167,"column":114},"end":{"line":167,"column":152}},"line":167},"19":{"name":"(anonymous_19)","decl":{"start":{"line":173,"column":109},"end":{"line":173,"column":110}},"loc":{"start":{"line":173,"column":114},"end":{"line":173,"column":152}},"line":173},"20":{"name":"(anonymous_20)","decl":{"start":{"line":179,"column":109},"end":{"line":179,"column":110}},"loc":{"start":{"line":179,"column":114},"end":{"line":179,"column":152}},"line":179},"21":{"name":"(anonymous_21)","decl":{"start":{"line":185,"column":109},"end":{"line":185,"column":110}},"loc":{"start":{"line":185,"column":114},"end":{"line":185,"column":152}},"line":185},"22":{"name":"(anonymous_22)","decl":{"start":{"line":197,"column":108},"end":{"line":197,"column":109}},"loc":{"start":{"line":197,"column":113},"end":{"line":197,"column":150}},"line":197},"23":{"name":"(anonymous_23)","decl":{"start":{"line":203,"column":108},"end":{"line":203,"column":109}},"loc":{"start":{"line":203,"column":113},"end":{"line":203,"column":150}},"line":203},"24":{"name":"(anonymous_24)","decl":{"start":{"line":209,"column":108},"end":{"line":209,"column":109}},"loc":{"start":{"line":209,"column":113},"end":{"line":209,"column":150}},"line":209},"25":{"name":"(anonymous_25)","decl":{"start":{"line":215,"column":108},"end":{"line":215,"column":109}},"loc":{"start":{"line":215,"column":113},"end":{"line":215,"column":150}},"line":215},"26":{"name":"(anonymous_26)","decl":{"start":{"line":221,"column":108},"end":{"line":221,"column":109}},"loc":{"start":{"line":221,"column":113},"end":{"line":221,"column":150}},"line":221},"27":{"name":"(anonymous_27)","decl":{"start":{"line":227,"column":108},"end":{"line":227,"column":109}},"loc":{"start":{"line":227,"column":113},"end":{"line":227,"column":150}},"line":227},"28":{"name":"(anonymous_28)","decl":{"start":{"line":233,"column":108},"end":{"line":233,"column":109}},"loc":{"start":{"line":233,"column":113},"end":{"line":233,"column":150}},"line":233},"29":{"name":"(anonymous_29)","decl":{"start":{"line":239,"column":108},"end":{"line":239,"column":109}},"loc":{"start":{"line":239,"column":113},"end":{"line":239,"column":150}},"line":239},"30":{"name":"(anonymous_30)","decl":{"start":{"line":245,"column":108},"end":{"line":245,"column":109}},"loc":{"start":{"line":245,"column":113},"end":{"line":245,"column":150}},"line":245},"31":{"name":"(anonymous_31)","decl":{"start":{"line":251,"column":110},"end":{"line":251,"column":111}},"loc":{"start":{"line":251,"column":115},"end":{"line":251,"column":152}},"line":251},"32":{"name":"(anonymous_32)","decl":{"start":{"line":257,"column":110},"end":{"line":257,"column":111}},"loc":{"start":{"line":257,"column":115},"end":{"line":257,"column":152}},"line":257},"33":{"name":"(anonymous_33)","decl":{"start":{"line":263,"column":110},"end":{"line":263,"column":111}},"loc":{"start":{"line":263,"column":115},"end":{"line":263,"column":152}},"line":263},"34":{"name":"(anonymous_34)","decl":{"start":{"line":275,"column":115},"end":{"line":275,"column":116}},"loc":{"start":{"line":275,"column":120},"end":{"line":275,"column":153}},"line":275},"35":{"name":"(anonymous_35)","decl":{"start":{"line":281,"column":113},"end":{"line":281,"column":114}},"loc":{"start":{"line":281,"column":118},"end":{"line":281,"column":151}},"line":281},"36":{"name":"(anonymous_36)","decl":{"start":{"line":287,"column":107},"end":{"line":287,"column":108}},"loc":{"start":{"line":287,"column":112},"end":{"line":287,"column":145}},"line":287},"37":{"name":"(anonymous_37)","decl":{"start":{"line":293,"column":115},"end":{"line":293,"column":116}},"loc":{"start":{"line":293,"column":120},"end":{"line":293,"column":153}},"line":293},"38":{"name":"(anonymous_38)","decl":{"start":{"line":299,"column":113},"end":{"line":299,"column":114}},"loc":{"start":{"line":299,"column":118},"end":{"line":299,"column":151}},"line":299},"39":{"name":"(anonymous_39)","decl":{"start":{"line":311,"column":133},"end":{"line":311,"column":134}},"loc":{"start":{"line":311,"column":138},"end":{"line":311,"column":158}},"line":311},"40":{"name":"(anonymous_40)","decl":{"start":{"line":316,"column":39},"end":{"line":316,"column":40}},"loc":{"start":{"line":316,"column":51},"end":{"line":318,"column":11}},"line":316}},"branchMap":{"0":{"loc":{"start":{"line":81,"column":6},"end":{"line":81,"column":92}},"type":"if","locations":[{"start":{"line":81,"column":6},"end":{"line":81,"column":92}},{"start":{"line":81,"column":6},"end":{"line":81,"column":92}}],"line":81},"1":{"loc":{"start":{"line":84,"column":6},"end":{"line":84,"column":88}},"type":"if","locations":[{"start":{"line":84,"column":6},"end":{"line":84,"column":88}},{"start":{"line":84,"column":6},"end":{"line":84,"column":88}}],"line":84},"2":{"loc":{"start":{"line":87,"column":6},"end":{"line":87,"column":70}},"type":"if","locations":[{"start":{"line":87,"column":6},"end":{"line":87,"column":70}},{"start":{"line":87,"column":6},"end":{"line":87,"column":70}}],"line":87},"3":{"loc":{"start":{"line":97,"column":8},"end":{"line":97,"column":46}},"type":"if","locations":[{"start":{"line":97,"column":8},"end":{"line":97,"column":46}},{"start":{"line":97,"column":8},"end":{"line":97,"column":46}}],"line":97},"4":{"loc":{"start":{"line":98,"column":8},"end":{"line":100,"column":9}},"type":"if","locations":[{"start":{"line":98,"column":8},"end":{"line":100,"column":9}},{"start":{"line":98,"column":8},"end":{"line":100,"column":9}}],"line":98},"5":{"loc":{"start":{"line":143,"column":13},"end":{"line":149,"column":18}},"type":"cond-expr","locations":[{"start":{"line":143,"column":38},"end":{"line":148,"column":20}},{"start":{"line":149,"column":14},"end":{"line":149,"column":18}}],"line":143}},"s":{"0":26,"1":26,"2":26,"3":26,"4":26,"5":26,"6":26,"7":26,"8":0,"9":22,"10":22,"11":22,"12":49,"13":49,"14":49,"15":245,"16":5,"17":49,"18":588,"19":12,"20":49,"21":245,"22":5,"23":49,"24":49,"25":49,"26":0,"27":0,"28":0,"29":0,"30":0,"31":0,"32":0,"33":49,"34":49,"35":0,"36":27,"37":0,"38":0,"39":1,"40":1,"41":1,"42":49,"43":1,"44":1,"45":1,"46":1,"47":1,"48":1,"49":1,"50":1,"51":1,"52":1,"53":1,"54":1,"55":1,"56":1,"57":1,"58":1,"59":1,"60":1,"61":1,"62":1,"63":1,"64":1,"65":1,"66":0},"f":{"0":26,"1":0,"2":22,"3":22,"4":49,"5":49,"6":0,"7":0,"8":0,"9":49,"10":0,"11":27,"12":0,"13":0,"14":1,"15":1,"16":49,"17":1,"18":1,"19":1,"20":1,"21":1,"22":1,"23":1,"24":1,"25":1,"26":1,"27":1,"28":1,"29":1,"30":1,"31":1,"32":1,"33":1,"34":1,"35":1,"36":1,"37":1,"38":1,"39":1,"40":0},"b":{"0":[5,240],"1":[12,576],"2":[5,240],"3":[0,0],"4":[0,0],"5":[0,49]},"_coverageSchema":"1a1c01bbd47fc00a2c39e90264f33305004495a9","hash":"a64698e80300ebb3166cb21b0929ce0c95ea8740"}
,"/Users/georgeking/Documents/HRSF 128/reviews/client/components/modal.jsx": {"path":"/Users/georgeking/Documents/HRSF 128/reviews/client/components/modal.jsx","statementMap":{"0":{"start":{"line":6,"column":18},"end":{"line":6,"column":55}},"1":{"start":{"line":10,"column":4},"end":{"line":10,"column":17}},"2":{"start":{"line":11,"column":4},"end":{"line":13,"column":5}},"3":{"start":{"line":14,"column":4},"end":{"line":14,"column":40}},"4":{"start":{"line":15,"column":4},"end":{"line":15,"column":55}},"5":{"start":{"line":16,"column":4},"end":{"line":16,"column":53}},"6":{"start":{"line":17,"column":4},"end":{"line":17,"column":51}},"7":{"start":{"line":21,"column":4},"end":{"line":21,"column":65}},"8":{"start":{"line":22,"column":4},"end":{"line":22,"column":57}},"9":{"start":{"line":22,"column":21},"end":{"line":22,"column":52}},"10":{"start":{"line":26,"column":4},"end":{"line":28,"column":5}},"11":{"start":{"line":27,"column":6},"end":{"line":27,"column":39}},"12":{"start":{"line":32,"column":4},"end":{"line":32,"column":68}},"13":{"start":{"line":36,"column":4},"end":{"line":36,"column":77}},"14":{"start":{"line":36,"column":70},"end":{"line":36,"column":77}},"15":{"start":{"line":37,"column":4},"end":{"line":39,"column":5}},"16":{"start":{"line":38,"column":6},"end":{"line":38,"column":27}},"17":{"start":{"line":43,"column":4},"end":{"line":43,"column":35}},"18":{"start":{"line":43,"column":28},"end":{"line":43,"column":35}},"19":{"start":{"line":44,"column":4},"end":{"line":44,"column":37}},"20":{"start":{"line":48,"column":4},"end":{"line":48,"column":23}},"21":{"start":{"line":49,"column":4},"end":{"line":49,"column":37}},"22":{"start":{"line":53,"column":4},"end":{"line":90,"column":6}}},"fnMap":{"0":{"name":"(anonymous_0)","decl":{"start":{"line":9,"column":2},"end":{"line":9,"column":3}},"loc":{"start":{"line":9,"column":21},"end":{"line":18,"column":3}},"line":9},"1":{"name":"(anonymous_1)","decl":{"start":{"line":20,"column":2},"end":{"line":20,"column":3}},"loc":{"start":{"line":20,"column":22},"end":{"line":23,"column":3}},"line":20},"2":{"name":"(anonymous_2)","decl":{"start":{"line":22,"column":15},"end":{"line":22,"column":16}},"loc":{"start":{"line":22,"column":21},"end":{"line":22,"column":52}},"line":22},"3":{"name":"(anonymous_3)","decl":{"start":{"line":25,"column":2},"end":{"line":25,"column":3}},"loc":{"start":{"line":25,"column":43},"end":{"line":29,"column":3}},"line":25},"4":{"name":"(anonymous_4)","decl":{"start":{"line":31,"column":2},"end":{"line":31,"column":3}},"loc":{"start":{"line":31,"column":25},"end":{"line":33,"column":3}},"line":31},"5":{"name":"(anonymous_5)","decl":{"start":{"line":35,"column":2},"end":{"line":35,"column":3}},"loc":{"start":{"line":35,"column":19},"end":{"line":40,"column":3}},"line":35},"6":{"name":"(anonymous_6)","decl":{"start":{"line":42,"column":2},"end":{"line":42,"column":3}},"loc":{"start":{"line":42,"column":18},"end":{"line":45,"column":3}},"line":42},"7":{"name":"(anonymous_7)","decl":{"start":{"line":47,"column":2},"end":{"line":47,"column":3}},"loc":{"start":{"line":47,"column":17},"end":{"line":50,"column":3}},"line":47},"8":{"name":"(anonymous_8)","decl":{"start":{"line":52,"column":2},"end":{"line":52,"column":3}},"loc":{"start":{"line":52,"column":11},"end":{"line":91,"column":3}},"line":52}},"branchMap":{"0":{"loc":{"start":{"line":26,"column":4},"end":{"line":28,"column":5}},"type":"if","locations":[{"start":{"line":26,"column":4},"end":{"line":28,"column":5}},{"start":{"line":26,"column":4},"end":{"line":28,"column":5}}],"line":26},"1":{"loc":{"start":{"line":26,"column":8},"end":{"line":26,"column":46}},"type":"binary-expr","locations":[{"start":{"line":26,"column":8},"end":{"line":26,"column":26}},{"start":{"line":26,"column":30},"end":{"line":26,"column":46}}],"line":26},"2":{"loc":{"start":{"line":36,"column":4},"end":{"line":36,"column":77}},"type":"if","locations":[{"start":{"line":36,"column":4},"end":{"line":36,"column":77}},{"start":{"line":36,"column":4},"end":{"line":36,"column":77}}],"line":36},"3":{"loc":{"start":{"line":36,"column":8},"end":{"line":36,"column":68}},"type":"binary-expr","locations":[{"start":{"line":36,"column":8},"end":{"line":36,"column":36}},{"start":{"line":36,"column":40},"end":{"line":36,"column":68}}],"line":36},"4":{"loc":{"start":{"line":37,"column":4},"end":{"line":39,"column":5}},"type":"if","locations":[{"start":{"line":37,"column":4},"end":{"line":39,"column":5}},{"start":{"line":37,"column":4},"end":{"line":39,"column":5}}],"line":37},"5":{"loc":{"start":{"line":43,"column":4},"end":{"line":43,"column":35}},"type":"if","locations":[{"start":{"line":43,"column":4},"end":{"line":43,"column":35}},{"start":{"line":43,"column":4},"end":{"line":43,"column":35}}],"line":43}},"s":{"0":2,"1":4,"2":4,"3":4,"4":4,"5":4,"6":4,"7":4,"8":4,"9":0,"10":1,"11":0,"12":0,"13":0,"14":0,"15":0,"16":0,"17":0,"18":0,"19":0,"20":1,"21":1,"22":5},"f":{"0":4,"1":4,"2":0,"3":1,"4":0,"5":0,"6":0,"7":1,"8":5},"b":{"0":[0,1],"1":[1,0],"2":[0,0],"3":[0,0],"4":[0,0],"5":[0,0]},"_coverageSchema":"1a1c01bbd47fc00a2c39e90264f33305004495a9","hash":"593b8bac4ff0b0a8a5d32f7d0b4f211038a558f4"}
,"/Users/georgeking/Documents/HRSF 128/reviews/client/components/modalWrapper.jsx": {"path":"/Users/georgeking/Documents/HRSF 128/reviews/client/components/modalWrapper.jsx","statementMap":{"0":{"start":{"line":3,"column":21},"end":{"line":91,"column":1}},"1":{"start":{"line":16,"column":4},"end":{"line":21,"column":5}},"2":{"start":{"line":18,"column":8},"end":{"line":18,"column":21}},"3":{"start":{"line":20,"column":8},"end":{"line":20,"column":21}}},"fnMap":{"0":{"name":"(anonymous_0)","decl":{"start":{"line":15,"column":11},"end":{"line":15,"column":12}},"loc":{"start":{"line":15,"column":20},"end":{"line":22,"column":3}},"line":15}},"branchMap":{"0":{"loc":{"start":{"line":16,"column":4},"end":{"line":21,"column":5}},"type":"switch","locations":[{"start":{"line":17,"column":6},"end":{"line":18,"column":21}},{"start":{"line":19,"column":6},"end":{"line":20,"column":21}}],"line":16}},"s":{"0":2,"1":0,"2":0,"3":0},"f":{"0":0},"b":{"0":[0,0]},"_coverageSchema":"1a1c01bbd47fc00a2c39e90264f33305004495a9","hash":"3baba120f9303095c0a728caedba560bef7de392"}
,"/Users/georgeking/Documents/HRSF 128/reviews/client/components/review.jsx": {"path":"/Users/georgeking/Documents/HRSF 128/reviews/client/components/review.jsx","statementMap":{"0":{"start":{"line":4,"column":2},"end":{"line":16,"column":4}}},"fnMap":{"0":{"name":"Review","decl":{"start":{"line":3,"column":9},"end":{"line":3,"column":15}},"loc":{"start":{"line":3,"column":23},"end":{"line":17,"column":1}},"line":3}},"branchMap":{},"s":{"0":1},"f":{"0":1},"b":{},"_coverageSchema":"1a1c01bbd47fc00a2c39e90264f33305004495a9","hash":"c3fa5dce7465b18f155cadd8644c328f56f7c120"}
}
