TN:
SF:client/components/app.jsx
FN:7,(anonymous_0)
FN:54,(anonymous_1)
FN:60,(anonymous_2)
FN:62,(anonymous_3)
FN:73,(anonymous_4)
FN:92,(anonymous_5)
FN:94,(anonymous_6)
FN:95,(anonymous_7)
FN:99,(anonymous_8)
FN:106,(anonymous_9)
FN:108,(anonymous_10)
FN:113,(anonymous_11)
FN:117,(anonymous_12)
FN:118,(anonymous_13)
FN:122,(anonymous_14)
FN:124,(anonymous_15)
FN:134,(anonymous_16)
FN:161,(anonymous_17)
FN:167,(anonymous_18)
FN:173,(anonymous_19)
FN:179,(anonymous_20)
FN:185,(anonymous_21)
FN:197,(anonymous_22)
FN:203,(anonymous_23)
FN:209,(anonymous_24)
FN:215,(anonymous_25)
FN:221,(anonymous_26)
FN:227,(anonymous_27)
FN:233,(anonymous_28)
FN:239,(anonymous_29)
FN:245,(anonymous_30)
FN:251,(anonymous_31)
FN:257,(anonymous_32)
FN:263,(anonymous_33)
FN:275,(anonymous_34)
FN:281,(anonymous_35)
FN:287,(anonymous_36)
FN:293,(anonymous_37)
FN:299,(anonymous_38)
FN:311,(anonymous_39)
FN:316,(anonymous_40)
FNF:41
FNH:9
FNDA:3,(anonymous_0)
FNDA:0,(anonymous_1)
FNDA:1,(anonymous_2)
FNDA:1,(anonymous_3)
FNDA:4,(anonymous_4)
FNDA:4,(anonymous_5)
FNDA:0,(anonymous_6)
FNDA:0,(anonymous_7)
FNDA:0,(anonymous_8)
FNDA:4,(anonymous_9)
FNDA:0,(anonymous_10)
FNDA:3,(anonymous_11)
FNDA:0,(anonymous_12)
FNDA:0,(anonymous_13)
FNDA:0,(anonymous_14)
FNDA:0,(anonymous_15)
FNDA:4,(anonymous_16)
FNDA:0,(anonymous_17)
FNDA:0,(anonymous_18)
FNDA:0,(anonymous_19)
FNDA:0,(anonymous_20)
FNDA:0,(anonymous_21)
FNDA:0,(anonymous_22)
FNDA:0,(anonymous_23)
FNDA:0,(anonymous_24)
FNDA:0,(anonymous_25)
FNDA:0,(anonymous_26)
FNDA:0,(anonymous_27)
FNDA:0,(anonymous_28)
FNDA:0,(anonymous_29)
FNDA:0,(anonymous_30)
FNDA:0,(anonymous_31)
FNDA:0,(anonymous_32)
FNDA:0,(anonymous_33)
FNDA:1,(anonymous_34)
FNDA:0,(anonymous_35)
FNDA:0,(anonymous_36)
FNDA:0,(anonymous_37)
FNDA:0,(anonymous_38)
FNDA:0,(anonymous_39)
FNDA:0,(anonymous_40)
DA:8,3
DA:9,3
DA:46,3
DA:47,3
DA:48,3
DA:49,3
DA:50,3
DA:51,3
DA:55,0
DA:61,1
DA:62,1
DA:74,4
DA:79,4
DA:80,4
DA:81,20
DA:83,4
DA:84,48
DA:86,4
DA:87,20
DA:89,4
DA:93,4
DA:94,4
DA:95,0
DA:97,0
DA:98,0
DA:99,0
DA:101,0
DA:107,4
DA:108,4
DA:109,0
DA:114,3
DA:117,0
DA:118,0
DA:123,0
DA:124,0
DA:135,4
DA:161,0
DA:167,0
DA:173,0
DA:179,0
DA:185,0
DA:197,0
DA:203,0
DA:209,0
DA:215,0
DA:221,0
DA:227,0
DA:233,0
DA:239,0
DA:245,0
DA:251,0
DA:257,0
DA:263,0
DA:275,1
DA:281,0
DA:287,0
DA:293,0
DA:299,0
DA:311,0
DA:317,0
LF:60
LH:26
BRDA:81,0,0,0
BRDA:81,0,1,20
BRDA:84,1,0,0
BRDA:84,1,1,48
BRDA:87,2,0,1
BRDA:87,2,1,19
BRDA:97,3,0,0
BRDA:97,3,1,0
BRDA:98,4,0,0
BRDA:98,4,1,0
BRDA:143,5,0,0
BRDA:143,5,1,4
BRF:12
BRH:5
end_of_record
TN:
SF:client/components/modal.jsx
FN:9,(anonymous_0)
FN:20,(anonymous_1)
FN:22,(anonymous_2)
FN:25,(anonymous_3)
FN:31,(anonymous_4)
FN:35,(anonymous_5)
FN:42,(anonymous_6)
FN:47,(anonymous_7)
FN:52,(anonymous_8)
FNF:9
FNH:3
FNDA:2,(anonymous_0)
FNDA:2,(anonymous_1)
FNDA:0,(anonymous_2)
FNDA:0,(anonymous_3)
FNDA:0,(anonymous_4)
FNDA:0,(anonymous_5)
FNDA:0,(anonymous_6)
FNDA:0,(anonymous_7)
FNDA:2,(anonymous_8)
DA:6,2
DA:10,2
DA:11,2
DA:14,2
DA:15,2
DA:16,2
DA:17,2
DA:21,2
DA:22,2
DA:26,0
DA:27,0
DA:32,0
DA:36,0
DA:37,0
DA:38,0
DA:43,0
DA:44,0
DA:48,0
DA:49,0
DA:53,2
LF:20
LH:10
BRDA:26,0,0,0
BRDA:26,0,1,0
BRDA:26,1,0,0
BRDA:26,1,1,0
BRDA:36,2,0,0
BRDA:36,2,1,0
BRDA:36,3,0,0
BRDA:36,3,1,0
BRDA:37,4,0,0
BRDA:37,4,1,0
BRDA:43,5,0,0
BRDA:43,5,1,0
BRF:12
BRH:0
end_of_record
TN:
SF:client/components/modalWrapper.jsx
FN:15,(anonymous_0)
FNF:1
FNH:0
FNDA:0,(anonymous_0)
DA:3,2
DA:16,0
DA:18,0
DA:20,0
LF:4
LH:1
BRDA:16,0,0,0
BRDA:16,0,1,0
BRF:2
BRH:0
end_of_record
TN:
SF:client/components/review.jsx
FN:3,Review
FNF:1
FNH:1
FNDA:1,Review
DA:4,1
LF:1
LH:1
BRF:0
BRH:0
end_of_record
