TN:
SF:client/components/app.jsx
FN:7,(anonymous_0)
FN:54,(anonymous_1)
FN:60,(anonymous_2)
FN:62,(anonymous_3)
FN:73,(anonymous_4)
FN:92,(anonymous_5)
FN:94,(anonymous_6)
FN:95,(anonymous_7)
FN:99,(anonymous_8)
FN:106,(anonymous_9)
FN:108,(anonymous_10)
FN:113,(anonymous_11)
FN:117,(anonymous_12)
FN:118,(anonymous_13)
FN:122,(anonymous_14)
FN:124,(anonymous_15)
FN:134,(anonymous_16)
FN:161,(anonymous_17)
FN:167,(anonymous_18)
FN:173,(anonymous_19)
FN:179,(anonymous_20)
FN:185,(anonymous_21)
FN:197,(anonymous_22)
FN:203,(anonymous_23)
FN:209,(anonymous_24)
FN:215,(anonymous_25)
FN:221,(anonymous_26)
FN:227,(anonymous_27)
FN:233,(anonymous_28)
FN:239,(anonymous_29)
FN:245,(anonymous_30)
FN:251,(anonymous_31)
FN:257,(anonymous_32)
FN:263,(anonymous_33)
FN:275,(anonymous_34)
FN:281,(anonymous_35)
FN:287,(anonymous_36)
FN:293,(anonymous_37)
FN:299,(anonymous_38)
FN:311,(anonymous_39)
FN:316,(anonymous_40)
FNF:41
FNH:33
FNDA:25,(anonymous_0)
FNDA:0,(anonymous_1)
FNDA:22,(anonymous_2)
FNDA:22,(anonymous_3)
FNDA:48,(anonymous_4)
FNDA:48,(anonymous_5)
FNDA:0,(anonymous_6)
FNDA:0,(anonymous_7)
FNDA:0,(anonymous_8)
FNDA:48,(anonymous_9)
FNDA:0,(anonymous_10)
FNDA:25,(anonymous_11)
FNDA:0,(anonymous_12)
FNDA:0,(anonymous_13)
FNDA:1,(anonymous_14)
FNDA:1,(anonymous_15)
FNDA:48,(anonymous_16)
FNDA:1,(anonymous_17)
FNDA:1,(anonymous_18)
FNDA:1,(anonymous_19)
FNDA:1,(anonymous_20)
FNDA:1,(anonymous_21)
FNDA:1,(anonymous_22)
FNDA:1,(anonymous_23)
FNDA:1,(anonymous_24)
FNDA:1,(anonymous_25)
FNDA:1,(anonymous_26)
FNDA:1,(anonymous_27)
FNDA:1,(anonymous_28)
FNDA:1,(anonymous_29)
FNDA:1,(anonymous_30)
FNDA:1,(anonymous_31)
FNDA:1,(anonymous_32)
FNDA:1,(anonymous_33)
FNDA:1,(anonymous_34)
FNDA:1,(anonymous_35)
FNDA:1,(anonymous_36)
FNDA:1,(anonymous_37)
FNDA:1,(anonymous_38)
FNDA:1,(anonymous_39)
FNDA:0,(anonymous_40)
DA:8,25
DA:9,25
DA:46,25
DA:47,25
DA:48,25
DA:49,25
DA:50,25
DA:51,25
DA:55,0
DA:61,22
DA:62,22
DA:74,48
DA:79,48
DA:80,48
DA:81,240
DA:83,48
DA:84,576
DA:86,48
DA:87,240
DA:89,48
DA:93,48
DA:94,48
DA:95,0
DA:97,0
DA:98,0
DA:99,0
DA:101,0
DA:107,48
DA:108,48
DA:109,0
DA:114,25
DA:117,0
DA:118,0
DA:123,1
DA:124,1
DA:135,48
DA:161,1
DA:167,1
DA:173,1
DA:179,1
DA:185,1
DA:197,1
DA:203,1
DA:209,1
DA:215,1
DA:221,1
DA:227,1
DA:233,1
DA:239,1
DA:245,1
DA:251,1
DA:257,1
DA:263,1
DA:275,1
DA:281,1
DA:287,1
DA:293,1
DA:299,1
DA:311,1
DA:317,0
LF:60
LH:50
BRDA:81,0,0,5
BRDA:81,0,1,235
BRDA:84,1,0,12
BRDA:84,1,1,564
BRDA:87,2,0,5
BRDA:87,2,1,235
BRDA:97,3,0,0
BRDA:97,3,1,0
BRDA:98,4,0,0
BRDA:98,4,1,0
BRDA:143,5,0,0
BRDA:143,5,1,48
BRF:12
BRH:7
end_of_record
TN:
SF:client/components/modal.jsx
FN:9,(anonymous_0)
FN:20,(anonymous_1)
FN:22,(anonymous_2)
FN:25,(anonymous_3)
FN:31,(anonymous_4)
FN:35,(anonymous_5)
FN:42,(anonymous_6)
FN:47,(anonymous_7)
FN:52,(anonymous_8)
FNF:9
FNH:5
FNDA:4,(anonymous_0)
FNDA:4,(anonymous_1)
FNDA:0,(anonymous_2)
FNDA:1,(anonymous_3)
FNDA:0,(anonymous_4)
FNDA:0,(anonymous_5)
FNDA:0,(anonymous_6)
FNDA:1,(anonymous_7)
FNDA:5,(anonymous_8)
DA:6,2
DA:10,4
DA:11,4
DA:14,4
DA:15,4
DA:16,4
DA:17,4
DA:21,4
DA:22,4
DA:26,1
DA:27,0
DA:32,0
DA:36,0
DA:37,0
DA:38,0
DA:43,0
DA:44,0
DA:48,1
DA:49,1
DA:53,5
LF:20
LH:13
BRDA:26,0,0,0
BRDA:26,0,1,1
BRDA:26,1,0,1
BRDA:26,1,1,0
BRDA:36,2,0,0
BRDA:36,2,1,0
BRDA:36,3,0,0
BRDA:36,3,1,0
BRDA:37,4,0,0
BRDA:37,4,1,0
BRDA:43,5,0,0
BRDA:43,5,1,0
BRF:12
BRH:2
end_of_record
TN:
SF:client/components/modalWrapper.jsx
FN:15,(anonymous_0)
FNF:1
FNH:0
FNDA:0,(anonymous_0)
DA:3,2
DA:16,0
DA:18,0
DA:20,0
LF:4
LH:1
BRDA:16,0,0,0
BRDA:16,0,1,0
BRF:2
BRH:0
end_of_record
TN:
SF:client/components/review.jsx
FN:3,Review
FNF:1
FNH:1
FNDA:1,Review
DA:4,1
LF:1
LH:1
BRF:0
BRH:0
end_of_record
